<?xml version="1.0" encoding="UTF-8" standalone="yes"?>
<interaction-log name="rewarding gaur (de.polyas.core3.open.cred)" created="2019-12-05T16:48:01.667+01:00">
    <interactions xmlns:xsi="http://www.w3.org/2001/XMLSchema-instance" xsi:type="settingChangeInteraction" created="2019-12-05T16:48:01.667+01:00" favoured="false" message="Initial Config" type="STRATEGY">
        <savedSettings>
            <entry>
                <key xmlns:xs="http://www.w3.org/2001/XMLSchema" xsi:type="xs:string">[StrategyProperty]OSS_OPTIONS_KEY</key>
                <value xmlns:xs="http://www.w3.org/2001/XMLSchema" xsi:type="xs:string">OSS_ON</value>
            </entry>
            <entry>
                <key xmlns:xs="http://www.w3.org/2001/XMLSchema" xsi:type="xs:string">[StrategyProperty]VBT_PHASE</key>
                <value xmlns:xs="http://www.w3.org/2001/XMLSchema" xsi:type="xs:string">VBT_SYM_EX</value>
            </entry>
            <entry>
                <key xmlns:xs="http://www.w3.org/2001/XMLSchema" xsi:type="xs:string">[StrategyProperty]METHOD_OPTIONS_KEY</key>
                <value xmlns:xs="http://www.w3.org/2001/XMLSchema" xsi:type="xs:string">METHOD_CONTRACT</value>
            </entry>
            <entry>
                <key xmlns:xs="http://www.w3.org/2001/XMLSchema" xsi:type="xs:string">[StrategyProperty]USER_TACLETS_OPTIONS_KEY3</key>
                <value xmlns:xs="http://www.w3.org/2001/XMLSchema" xsi:type="xs:string">USER_TACLETS_OFF</value>
            </entry>
            <entry>
                <key xmlns:xs="http://www.w3.org/2001/XMLSchema" xsi:type="xs:string">[StrategyProperty]SYMBOLIC_EXECUTION_ALIAS_CHECK_OPTIONS_KEY</key>
                <value xmlns:xs="http://www.w3.org/2001/XMLSchema" xsi:type="xs:string">SYMBOLIC_EXECUTION_ALIAS_CHECK_NEVER</value>
            </entry>
            <entry>
                <key xmlns:xs="http://www.w3.org/2001/XMLSchema" xsi:type="xs:string">[StrategyProperty]LOOP_OPTIONS_KEY</key>
                <value xmlns:xs="http://www.w3.org/2001/XMLSchema" xsi:type="xs:string">LOOP_INVARIANT</value>
            </entry>
            <entry>
                <key xmlns:xs="http://www.w3.org/2001/XMLSchema" xsi:type="xs:string">[StrategyProperty]USER_TACLETS_OPTIONS_KEY2</key>
                <value xmlns:xs="http://www.w3.org/2001/XMLSchema" xsi:type="xs:string">USER_TACLETS_OFF</value>
            </entry>
            <entry>
                <key xmlns:xs="http://www.w3.org/2001/XMLSchema" xsi:type="xs:string">[StrategyProperty]USER_TACLETS_OPTIONS_KEY1</key>
                <value xmlns:xs="http://www.w3.org/2001/XMLSchema" xsi:type="xs:string">USER_TACLETS_OFF</value>
            </entry>
            <entry>
                <key xmlns:xs="http://www.w3.org/2001/XMLSchema" xsi:type="xs:string">[StrategyProperty]QUANTIFIERS_OPTIONS_KEY</key>
                <value xmlns:xs="http://www.w3.org/2001/XMLSchema" xsi:type="xs:string">QUANTIFIERS_NON_SPLITTING_WITH_PROGS</value>
            </entry>
            <entry>
                <key xmlns:xs="http://www.w3.org/2001/XMLSchema" xsi:type="xs:string">[StrategyProperty]NON_LIN_ARITH_OPTIONS_KEY</key>
                <value xmlns:xs="http://www.w3.org/2001/XMLSchema" xsi:type="xs:string">NON_LIN_ARITH_DEF_OPS</value>
            </entry>
            <entry>
                <key xmlns:xs="http://www.w3.org/2001/XMLSchema" xsi:type="xs:string">[StrategyProperty]AUTO_INDUCTION_OPTIONS_KEY</key>
                <value xmlns:xs="http://www.w3.org/2001/XMLSchema" xsi:type="xs:string">AUTO_INDUCTION_OFF</value>
            </entry>
            <entry>
                <key xmlns:xs="http://www.w3.org/2001/XMLSchema" xsi:type="xs:string">[StrategyProperty]DEP_OPTIONS_KEY</key>
                <value xmlns:xs="http://www.w3.org/2001/XMLSchema" xsi:type="xs:string">DEP_ON</value>
            </entry>
            <entry>
                <key xmlns:xs="http://www.w3.org/2001/XMLSchema" xsi:type="xs:string">[StrategyProperty]BLOCK_OPTIONS_KEY</key>
                <value xmlns:xs="http://www.w3.org/2001/XMLSchema" xsi:type="xs:string">BLOCK_CONTRACT_INTERNAL</value>
            </entry>
            <entry>
                <key xmlns:xs="http://www.w3.org/2001/XMLSchema" xsi:type="xs:string">[StrategyProperty]CLASS_AXIOM_OPTIONS_KEY</key>
                <value xmlns:xs="http://www.w3.org/2001/XMLSchema" xsi:type="xs:string">CLASS_AXIOM_FREE</value>
            </entry>
            <entry>
                <key xmlns:xs="http://www.w3.org/2001/XMLSchema" xsi:type="xs:string">[StrategyProperty]SYMBOLIC_EXECUTION_NON_EXECUTION_BRANCH_HIDING_OPTIONS_KEY</key>
                <value xmlns:xs="http://www.w3.org/2001/XMLSchema" xsi:type="xs:string">SYMBOLIC_EXECUTION_NON_EXECUTION_BRANCH_HIDING_OFF</value>
            </entry>
            <entry>
                <key xmlns:xs="http://www.w3.org/2001/XMLSchema" xsi:type="xs:string">[StrategyProperty]QUERY_NEW_OPTIONS_KEY</key>
                <value xmlns:xs="http://www.w3.org/2001/XMLSchema" xsi:type="xs:string">QUERY_OFF</value>
            </entry>
            <entry>
                <key xmlns:xs="http://www.w3.org/2001/XMLSchema" xsi:type="xs:string">[Strategy]Timeout</key>
                <value xmlns:xs="http://www.w3.org/2001/XMLSchema" xsi:type="xs:string">-1</value>
            </entry>
            <entry>
                <key xmlns:xs="http://www.w3.org/2001/XMLSchema" xsi:type="xs:string">[Strategy]MaximumNumberOfAutomaticApplications</key>
                <value xmlns:xs="http://www.w3.org/2001/XMLSchema" xsi:type="xs:string">10000</value>
            </entry>
            <entry>
                <key xmlns:xs="http://www.w3.org/2001/XMLSchema" xsi:type="xs:string">[StrategyProperty]STOPMODE_OPTIONS_KEY</key>
                <value xmlns:xs="http://www.w3.org/2001/XMLSchema" xsi:type="xs:string">STOPMODE_DEFAULT</value>
            </entry>
            <entry>
                <key xmlns:xs="http://www.w3.org/2001/XMLSchema" xsi:type="xs:string">[StrategyProperty]QUERYAXIOM_OPTIONS_KEY</key>
                <value xmlns:xs="http://www.w3.org/2001/XMLSchema" xsi:type="xs:string">QUERYAXIOM_ON</value>
            </entry>
            <entry>
                <key xmlns:xs="http://www.w3.org/2001/XMLSchema" xsi:type="xs:string">[StrategyProperty]INF_FLOW_CHECK_PROPERTY</key>
                <value xmlns:xs="http://www.w3.org/2001/XMLSchema" xsi:type="xs:string">INF_FLOW_CHECK_FALSE</value>
            </entry>
            <entry>
                <key xmlns:xs="http://www.w3.org/2001/XMLSchema" xsi:type="xs:string">[Strategy]ActiveStrategy</key>
                <value xmlns:xs="http://www.w3.org/2001/XMLSchema" xsi:type="xs:string">JavaCardDLStrategy</value>
            </entry>
            <entry>
                <key xmlns:xs="http://www.w3.org/2001/XMLSchema" xsi:type="xs:string">[StrategyProperty]SPLITTING_OPTIONS_KEY</key>
                <value xmlns:xs="http://www.w3.org/2001/XMLSchema" xsi:type="xs:string">SPLITTING_DELAYED</value>
            </entry>
            <entry>
                <key xmlns:xs="http://www.w3.org/2001/XMLSchema" xsi:type="xs:string">[StrategyProperty]MPS_OPTIONS_KEY</key>
                <value xmlns:xs="http://www.w3.org/2001/XMLSchema" xsi:type="xs:string">MPS_MERGE</value>
            </entry>
        </savedSettings>
    </interactions>
    <interactions xmlns:xsi="http://www.w3.org/2001/XMLSchema-instance" xsi:type="settingChangeInteraction" created="2019-12-05T16:48:01.672+01:00" favoured="false" message="Initial Config" type="SMT">
        <savedSettings>
            <entry>
                <key xmlns:xs="http://www.w3.org/2001/XMLSchema" xsi:type="xs:string">[SMTSettings]invariantForall</key>
                <value xmlns:xs="http://www.w3.org/2001/XMLSchema" xsi:type="xs:string">false</value>
            </entry>
            <entry>
                <key xmlns:xs="http://www.w3.org/2001/XMLSchema" xsi:type="xs:string">[SMTSettings]integersMinimum</key>
                <value xmlns:xs="http://www.w3.org/2001/XMLSchema" xsi:type="xs:string">-2147483645</value>
            </entry>
            <entry>
                <key xmlns:xs="http://www.w3.org/2001/XMLSchema" xsi:type="xs:string">[SMTSettings]instantiateHierarchyAssumptions</key>
                <value xmlns:xs="http://www.w3.org/2001/XMLSchema" xsi:type="xs:string">true</value>
            </entry>
            <entry>
                <key xmlns:xs="http://www.w3.org/2001/XMLSchema" xsi:type="xs:string">[SMTSettings]SelectedTaclets</key>
                <value xmlns:xs="http://www.w3.org/2001/XMLSchema" xsi:type="xs:string"></value>
            </entry>
            <entry>
                <key xmlns:xs="http://www.w3.org/2001/XMLSchema" xsi:type="xs:string">[SMTSettings]useConstantsForBigOrSmallIntegers</key>
                <value xmlns:xs="http://www.w3.org/2001/XMLSchema" xsi:type="xs:string">true</value>
            </entry>
            <entry>
                <key xmlns:xs="http://www.w3.org/2001/XMLSchema" xsi:type="xs:string">[SMTSettings]maxGenericSorts</key>
                <value xmlns:xs="http://www.w3.org/2001/XMLSchema" xsi:type="xs:string">2</value>
            </entry>
            <entry>
                <key xmlns:xs="http://www.w3.org/2001/XMLSchema" xsi:type="xs:string">[SMTSettings]integersMaximum</key>
                <value xmlns:xs="http://www.w3.org/2001/XMLSchema" xsi:type="xs:string">2147483645</value>
            </entry>
            <entry>
                <key xmlns:xs="http://www.w3.org/2001/XMLSchema" xsi:type="xs:string">[SMTSettings]UseBuiltUniqueness</key>
                <value xmlns:xs="http://www.w3.org/2001/XMLSchema" xsi:type="xs:string">false</value>
            </entry>
            <entry>
                <key xmlns:xs="http://www.w3.org/2001/XMLSchema" xsi:type="xs:string">[SMTSettings]useUninterpretedMultiplication</key>
                <value xmlns:xs="http://www.w3.org/2001/XMLSchema" xsi:type="xs:string">true</value>
            </entry>
            <entry>
                <key xmlns:xs="http://www.w3.org/2001/XMLSchema" xsi:type="xs:string">[SMTSettings]explicitTypeHierarchy</key>
                <value xmlns:xs="http://www.w3.org/2001/XMLSchema" xsi:type="xs:string">false</value>
            </entry>
        </savedSettings>
    </interactions>
    <interactions xmlns:xsi="http://www.w3.org/2001/XMLSchema-instance" xsi:type="settingChangeInteraction" created="2019-12-05T16:48:01.672+01:00" favoured="false" message="Initial Config" type="CHOICE">
        <savedSettings>
            <entry>
                <key xmlns:xs="http://www.w3.org/2001/XMLSchema" xsi:type="xs:string">[Choice]DefaultChoices</key>
                <value xmlns:xs="http://www.w3.org/2001/XMLSchema" xsi:type="xs:string">assertions-assertions:on , initialisation-initialisation:disableStaticInitialisation , intRules-intRules:javaSemantics , programRules-programRules:Java , runtimeExceptions-runtimeExceptions:allow , JavaCard-JavaCard:off , Strings-Strings:on , modelFields-modelFields:treatAsAxiom , bigint-bigint:on , sequences-sequences:on , moreSeqRules-moreSeqRules:on , reach-reach:on , integerSimplificationRules-integerSimplificationRules:full , permissions-permissions:off , wdOperator-wdOperator:L , wdChecks-wdChecks:off , mergeGenerateIsWeakeningGoal-mergeGenerateIsWeakeningGoal:off , methodExpansion-methodExpansion:modularOnly</value>
            </entry>
        </savedSettings>
    </interactions>
    <interactions xmlns:xsi="http://www.w3.org/2001/XMLSchema-instance" xsi:type="settingChangeInteraction" created="2019-12-05T16:51:35.762+01:00" favoured="false" type="STRATEGY">
        <savedSettings>
            <entry>
                <key xmlns:xs="http://www.w3.org/2001/XMLSchema" xsi:type="xs:string">[StrategyProperty]OSS_OPTIONS_KEY</key>
                <value xmlns:xs="http://www.w3.org/2001/XMLSchema" xsi:type="xs:string">OSS_ON</value>
            </entry>
            <entry>
                <key xmlns:xs="http://www.w3.org/2001/XMLSchema" xsi:type="xs:string">[StrategyProperty]VBT_PHASE</key>
                <value xmlns:xs="http://www.w3.org/2001/XMLSchema" xsi:type="xs:string">VBT_SYM_EX</value>
            </entry>
            <entry>
                <key xmlns:xs="http://www.w3.org/2001/XMLSchema" xsi:type="xs:string">[StrategyProperty]METHOD_OPTIONS_KEY</key>
                <value xmlns:xs="http://www.w3.org/2001/XMLSchema" xsi:type="xs:string">METHOD_CONTRACT</value>
            </entry>
            <entry>
                <key xmlns:xs="http://www.w3.org/2001/XMLSchema" xsi:type="xs:string">[StrategyProperty]USER_TACLETS_OPTIONS_KEY3</key>
                <value xmlns:xs="http://www.w3.org/2001/XMLSchema" xsi:type="xs:string">USER_TACLETS_OFF</value>
            </entry>
            <entry>
                <key xmlns:xs="http://www.w3.org/2001/XMLSchema" xsi:type="xs:string">[StrategyProperty]SYMBOLIC_EXECUTION_ALIAS_CHECK_OPTIONS_KEY</key>
                <value xmlns:xs="http://www.w3.org/2001/XMLSchema" xsi:type="xs:string">SYMBOLIC_EXECUTION_ALIAS_CHECK_NEVER</value>
            </entry>
            <entry>
                <key xmlns:xs="http://www.w3.org/2001/XMLSchema" xsi:type="xs:string">[StrategyProperty]LOOP_OPTIONS_KEY</key>
                <value xmlns:xs="http://www.w3.org/2001/XMLSchema" xsi:type="xs:string">LOOP_INVARIANT</value>
            </entry>
            <entry>
                <key xmlns:xs="http://www.w3.org/2001/XMLSchema" xsi:type="xs:string">[StrategyProperty]USER_TACLETS_OPTIONS_KEY2</key>
                <value xmlns:xs="http://www.w3.org/2001/XMLSchema" xsi:type="xs:string">USER_TACLETS_OFF</value>
            </entry>
            <entry>
                <key xmlns:xs="http://www.w3.org/2001/XMLSchema" xsi:type="xs:string">[StrategyProperty]USER_TACLETS_OPTIONS_KEY1</key>
                <value xmlns:xs="http://www.w3.org/2001/XMLSchema" xsi:type="xs:string">USER_TACLETS_OFF</value>
            </entry>
            <entry>
                <key xmlns:xs="http://www.w3.org/2001/XMLSchema" xsi:type="xs:string">[StrategyProperty]QUANTIFIERS_OPTIONS_KEY</key>
                <value xmlns:xs="http://www.w3.org/2001/XMLSchema" xsi:type="xs:string">QUANTIFIERS_NON_SPLITTING_WITH_PROGS</value>
            </entry>
            <entry>
                <key xmlns:xs="http://www.w3.org/2001/XMLSchema" xsi:type="xs:string">[StrategyProperty]NON_LIN_ARITH_OPTIONS_KEY</key>
                <value xmlns:xs="http://www.w3.org/2001/XMLSchema" xsi:type="xs:string">NON_LIN_ARITH_DEF_OPS</value>
            </entry>
            <entry>
                <key xmlns:xs="http://www.w3.org/2001/XMLSchema" xsi:type="xs:string">[StrategyProperty]AUTO_INDUCTION_OPTIONS_KEY</key>
                <value xmlns:xs="http://www.w3.org/2001/XMLSchema" xsi:type="xs:string">AUTO_INDUCTION_OFF</value>
            </entry>
            <entry>
                <key xmlns:xs="http://www.w3.org/2001/XMLSchema" xsi:type="xs:string">[StrategyProperty]DEP_OPTIONS_KEY</key>
                <value xmlns:xs="http://www.w3.org/2001/XMLSchema" xsi:type="xs:string">DEP_ON</value>
            </entry>
            <entry>
                <key xmlns:xs="http://www.w3.org/2001/XMLSchema" xsi:type="xs:string">[StrategyProperty]BLOCK_OPTIONS_KEY</key>
                <value xmlns:xs="http://www.w3.org/2001/XMLSchema" xsi:type="xs:string">BLOCK_CONTRACT_INTERNAL</value>
            </entry>
            <entry>
                <key xmlns:xs="http://www.w3.org/2001/XMLSchema" xsi:type="xs:string">[StrategyProperty]CLASS_AXIOM_OPTIONS_KEY</key>
                <value xmlns:xs="http://www.w3.org/2001/XMLSchema" xsi:type="xs:string">CLASS_AXIOM_FREE</value>
            </entry>
            <entry>
                <key xmlns:xs="http://www.w3.org/2001/XMLSchema" xsi:type="xs:string">[StrategyProperty]SYMBOLIC_EXECUTION_NON_EXECUTION_BRANCH_HIDING_OPTIONS_KEY</key>
                <value xmlns:xs="http://www.w3.org/2001/XMLSchema" xsi:type="xs:string">SYMBOLIC_EXECUTION_NON_EXECUTION_BRANCH_HIDING_OFF</value>
            </entry>
            <entry>
                <key xmlns:xs="http://www.w3.org/2001/XMLSchema" xsi:type="xs:string">[StrategyProperty]QUERY_NEW_OPTIONS_KEY</key>
                <value xmlns:xs="http://www.w3.org/2001/XMLSchema" xsi:type="xs:string">QUERY_OFF</value>
            </entry>
            <entry>
                <key xmlns:xs="http://www.w3.org/2001/XMLSchema" xsi:type="xs:string">[Strategy]Timeout</key>
                <value xmlns:xs="http://www.w3.org/2001/XMLSchema" xsi:type="xs:string">-1</value>
            </entry>
            <entry>
                <key xmlns:xs="http://www.w3.org/2001/XMLSchema" xsi:type="xs:string">[Strategy]MaximumNumberOfAutomaticApplications</key>
                <value xmlns:xs="http://www.w3.org/2001/XMLSchema" xsi:type="xs:string">10000</value>
            </entry>
            <entry>
                <key xmlns:xs="http://www.w3.org/2001/XMLSchema" xsi:type="xs:string">[StrategyProperty]STOPMODE_OPTIONS_KEY</key>
                <value xmlns:xs="http://www.w3.org/2001/XMLSchema" xsi:type="xs:string">STOPMODE_DEFAULT</value>
            </entry>
            <entry>
                <key xmlns:xs="http://www.w3.org/2001/XMLSchema" xsi:type="xs:string">[StrategyProperty]QUERYAXIOM_OPTIONS_KEY</key>
                <value xmlns:xs="http://www.w3.org/2001/XMLSchema" xsi:type="xs:string">QUERYAXIOM_ON</value>
            </entry>
            <entry>
                <key xmlns:xs="http://www.w3.org/2001/XMLSchema" xsi:type="xs:string">[StrategyProperty]INF_FLOW_CHECK_PROPERTY</key>
                <value xmlns:xs="http://www.w3.org/2001/XMLSchema" xsi:type="xs:string">INF_FLOW_CHECK_FALSE</value>
            </entry>
            <entry>
                <key xmlns:xs="http://www.w3.org/2001/XMLSchema" xsi:type="xs:string">[Strategy]ActiveStrategy</key>
                <value xmlns:xs="http://www.w3.org/2001/XMLSchema" xsi:type="xs:string">JavaCardDLStrategy</value>
            </entry>
            <entry>
                <key xmlns:xs="http://www.w3.org/2001/XMLSchema" xsi:type="xs:string">[StrategyProperty]SPLITTING_OPTIONS_KEY</key>
                <value xmlns:xs="http://www.w3.org/2001/XMLSchema" xsi:type="xs:string">SPLITTING_DELAYED</value>
            </entry>
            <entry>
                <key xmlns:xs="http://www.w3.org/2001/XMLSchema" xsi:type="xs:string">[StrategyProperty]MPS_OPTIONS_KEY</key>
                <value xmlns:xs="http://www.w3.org/2001/XMLSchema" xsi:type="xs:string">MPS_MERGE</value>
            </entry>
        </savedSettings>
    </interactions>
    <interactions xmlns:xsi="http://www.w3.org/2001/XMLSchema-instance" xsi:type="ruleInteraction" created="2019-12-05T16:56:51.625+01:00" favoured="false">
        <nodeId branchLabel="$$">
            <select>0</select>
            <select>0</select>
            <select>0</select>
            <select>0</select>
            <select>0</select>
            <select>0</select>
            <select>0</select>
            <select>0</select>
            <select>0</select>
            <select>0</select>
            <select>0</select>
            <select>0</select>
            <select>0</select>
            <select>0</select>
            <select>0</select>
            <select>0</select>
            <select>0</select>
            <select>0</select>
            <select>0</select>
            <select>0</select>
            <select>0</select>
            <select>0</select>
            <select>0</select>
            <select>0</select>
            <select>0</select>
            <select>0</select>
            <select>0</select>
            <select>0</select>
            <select>0</select>
            <select>0</select>
            <select>0</select>
            <select>0</select>
            <select>0</select>
            <select>0</select>
            <select>0</select>
            <select>0</select>
            <select>0</select>
            <select>0</select>
            <select>0</select>
            <select>0</select>
            <select>0</select>
            <select>0</select>
            <select>0</select>
            <select>0</select>
            <select>0</select>
            <select>0</select>
            <select>0</select>
            <select>0</select>
            <select>0</select>
            <select>0</select>
            <select>0</select>
            <select>0</select>
            <select>0</select>
            <select>0</select>
            <select>0</select>
            <select>0</select>
            <select>0</select>
            <select>0</select>
            <select>0</select>
            <select>0</select>
            <select>0</select>
            <select>0</select>
            <select>0</select>
            <select>0</select>
            <select>0</select>
            <select>0</select>
            <select>0</select>
            <select>0</select>
            <select>0</select>
            <select>0</select>
            <select>0</select>
            <select>0</select>
            <select>0</select>
            <select>0</select>
            <select>0</select>
            <select>0</select>
            <select>0</select>
            <select>0</select>
            <select>0</select>
            <select>0</select>
            <select>0</select>
            <select>0</select>
            <select>0</select>
            <select>0</select>
            <select>0</select>
            <select>0</select>
            <select>0</select>
            <select>0</select>
            <select>0</select>
            <select>0</select>
            <select>0</select>
            <select>0</select>
            <select>0</select>
            <select>0</select>
            <select>0</select>
            <select>0</select>
            <select>0</select>
            <select>0</select>
            <select>0</select>
            <select>0</select>
            <select>0</select>
            <select>0</select>
            <select>0</select>
            <select>0</select>
            <select>0</select>
            <select>0</select>
            <select>0</select>
            <select>1</select>
            <select>0</select>
            <select>0</select>
            <select>0</select>
            <select>0</select>
            <select>0</select>
            <select>0</select>
            <select>0</select>
            <select>0</select>
            <select>0</select>
            <select>0</select>
            <select>0</select>
            <select>0</select>
            <select>0</select>
            <select>0</select>
            <select>0</select>
            <select>0</select>
            <select>0</select>
            <select>0</select>
            <select>0</select>
            <select>0</select>
            <select>0</select>
            <select>0</select>
            <select>0</select>
            <select>0</select>
            <select>0</select>
            <select>0</select>
            <select>0</select>
            <select>0</select>
            <select>0</select>
            <select>0</select>
            <select>0</select>
            <select>0</select>
            <select>0</select>
            <select>0</select>
            <select>0</select>
            <select>0</select>
            <select>0</select>
            <select>0</select>
            <select>0</select>
            <select>0</select>
            <select>0</select>
            <select>0</select>
            <select>0</select>
            <select>0</select>
            <select>0</select>
            <select>0</select>
            <select>0</select>
            <select>0</select>
            <select>0</select>
            <select>0</select>
            <select>0</select>
            <select>0</select>
            <select>0</select>
            <select>0</select>
            <select>0</select>
            <select>0</select>
            <select>0</select>
            <select>0</select>
            <select>0</select>
            <select>0</select>
            <select>0</select>
            <select>0</select>
            <select>0</select>
            <select>0</select>
            <select>0</select>
            <select>0</select>
            <select>0</select>
            <select>0</select>
            <select>0</select>
            <select>0</select>
            <select>0</select>
            <select>0</select>
            <select>0</select>
            <select>0</select>
            <select>0</select>
            <select>0</select>
            <select>0</select>
            <select>0</select>
            <select>0</select>
            <select>0</select>
            <select>0</select>
            <select>0</select>
            <select>0</select>
            <select>0</select>
            <select>0</select>
            <select>0</select>
            <select>0</select>
            <select>0</select>
            <select>0</select>
            <select>0</select>
            <select>0</select>
            <select>0</select>
            <select>0</select>
            <select>0</select>
            <select>0</select>
            <select>0</select>
            <select>0</select>
            <select>0</select>
            <select>0</select>
            <select>0</select>
            <select>0</select>
            <select>0</select>
            <select>0</select>
            <select>0</select>
            <select>0</select>
            <select>0</select>
            <select>0</select>
            <select>0</select>
            <select>0</select>
            <select>0</select>
            <select>0</select>
            <select>0</select>
            <select>0</select>
            <select>0</select>
            <select>0</select>
            <select>0</select>
            <select>0</select>
            <select>0</select>
            <select>0</select>
            <select>0</select>
            <select>0</select>
            <select>0</select>
            <select>0</select>
            <select>0</select>
            <select>0</select>
            <select>0</select>
            <select>0</select>
            <select>0</select>
            <select>0</select>
            <select>0</select>
            <select>0</select>
            <select>0</select>
            <select>0</select>
            <select>0</select>
            <select>0</select>
            <select>0</select>
            <select>0</select>
            <select>0</select>
            <select>0</select>
            <select>0</select>
            <select>0</select>
            <select>0</select>
            <select>0</select>
            <select>0</select>
            <select>0</select>
            <select>0</select>
            <select>0</select>
            <select>0</select>
            <select>0</select>
            <select>0</select>
            <select>0</select>
            <select>0</select>
            <select>0</select>
            <select>0</select>
            <select>0</select>
            <select>0</select>
            <select>0</select>
            <select>0</select>
            <select>0</select>
            <select>0</select>
            <select>0</select>
            <select>0</select>
            <select>0</select>
            <select>0</select>
            <select>0</select>
            <select>0</select>
            <select>0</select>
            <select>0</select>
            <select>0</select>
            <select>0</select>
            <select>0</select>
            <select>0</select>
            <select>0</select>
            <select>0</select>
            <select>0</select>
            <select>0</select>
            <select>0</select>
            <select>0</select>
            <select>0</select>
            <select>0</select>
            <select>0</select>
            <select>0</select>
            <select>0</select>
            <select>0</select>
            <select>0</select>
            <select>0</select>
            <select>0</select>
            <select>0</select>
            <select>0</select>
            <select>0</select>
            <select>0</select>
            <select>0</select>
            <select>0</select>
            <select>0</select>
            <select>0</select>
            <select>0</select>
            <select>0</select>
            <select>0</select>
            <select>0</select>
            <select>0</select>
            <select>0</select>
            <select>0</select>
            <select>0</select>
            <select>0</select>
            <select>0</select>
            <select>0</select>
            <select>0</select>
            <select>0</select>
            <select>0</select>
            <select>0</select>
            <select>0</select>
            <select>0</select>
            <select>0</select>
            <select>0</select>
            <select>0</select>
            <select>0</select>
            <select>0</select>
            <select>0</select>
            <select>0</select>
            <select>0</select>
            <select>0</select>
            <select>0</select>
            <select>0</select>
            <select>0</select>
            <select>0</select>
            <select>0</select>
            <select>0</select>
            <select>0</select>
            <select>0</select>
            <select>0</select>
            <select>0</select>
            <select>0</select>
            <select>0</select>
            <select>0</select>
            <select>0</select>
            <select>0</select>
            <select>0</select>
            <select>0</select>
            <select>0</select>
            <select>0</select>
            <select>0</select>
            <select>0</select>
            <select>0</select>
            <select>0</select>
            <select>0</select>
            <select>0</select>
            <select>0</select>
            <select>0</select>
            <select>0</select>
            <select>0</select>
            <select>0</select>
            <select>0</select>
            <select>0</select>
            <select>0</select>
            <select>0</select>
            <select>0</select>
            <select>0</select>
            <select>0</select>
            <select>0</select>
            <select>0</select>
            <select>0</select>
            <select>0</select>
            <select>0</select>
            <select>0</select>
            <select>0</select>
            <select>0</select>
            <select>0</select>
            <select>0</select>
            <select>0</select>
            <select>0</select>
            <select>0</select>
            <select>0</select>
            <select>0</select>
            <select>0</select>
            <select>0</select>
            <select>0</select>
            <select>0</select>
            <select>0</select>
            <select>0</select>
            <select>0</select>
            <select>0</select>
            <select>0</select>
            <select>0</select>
            <select>0</select>
            <select>0</select>
            <select>0</select>
            <select>0</select>
            <select>0</select>
            <select>0</select>
            <select>0</select>
            <select>0</select>
            <select>0</select>
            <select>0</select>
            <select>0</select>
            <select>0</select>
            <select>0</select>
            <select>0</select>
            <select>0</select>
            <select>0</select>
            <select>0</select>
            <select>0</select>
            <select>0</select>
            <select>0</select>
            <select>0</select>
            <select>0</select>
            <select>0</select>
            <select>0</select>
            <select>0</select>
            <select>0</select>
            <select>0</select>
            <select>0</select>
            <select>0</select>
            <select>0</select>
            <select>0</select>
            <select>0</select>
            <select>0</select>
            <select>0</select>
            <select>0</select>
            <select>0</select>
            <select>0</select>
            <select>0</select>
            <select>0</select>
            <select>0</select>
            <select>0</select>
            <select>0</select>
            <select>0</select>
            <select>0</select>
            <select>0</select>
            <select>0</select>
            <select>0</select>
            <select>0</select>
            <select>0</select>
            <select>0</select>
            <select>0</select>
            <select>0</select>
            <select>0</select>
            <select>0</select>
            <select>0</select>
            <select>0</select>
            <select>0</select>
            <select>0</select>
            <select>0</select>
            <select>0</select>
            <select>0</select>
            <select>0</select>
            <select>0</select>
            <select>0</select>
            <select>0</select>
            <select>0</select>
            <select>0</select>
            <select>0</select>
            <select>0</select>
            <select>0</select>
            <select>0</select>
            <select>0</select>
            <select>0</select>
            <select>0</select>
            <select>0</select>
            <select>0</select>
            <select>0</select>
            <select>0</select>
            <select>0</select>
            <select>0</select>
            <select>0</select>
            <select>0</select>
            <select>0</select>
            <select>0</select>
            <select>0</select>
            <select>0</select>
            <select>0</select>
            <select>0</select>
            <select>0</select>
            <select>0</select>
            <select>0</select>
            <select>0</select>
            <select>0</select>
            <select>0</select>
            <select>0</select>
            <select>0</select>
            <select>0</select>
            <select>0</select>
            <select>0</select>
            <select>0</select>
            <select>0</select>
            <select>0</select>
            <select>0</select>
            <select>0</select>
            <select>0</select>
            <select>0</select>
            <select>0</select>
            <select>0</select>
            <select>0</select>
            <select>0</select>
            <select>0</select>
            <select>0</select>
            <select>0</select>
            <select>0</select>
            <select>0</select>
            <select>0</select>
            <select>0</select>
            <select>0</select>
            <select>0</select>
            <select>0</select>
            <select>0</select>
            <select>0</select>
            <select>0</select>
            <select>0</select>
            <select>0</select>
            <select>0</select>
            <select>0</select>
            <select>0</select>
            <select>0</select>
            <select>0</select>
            <select>0</select>
            <select>0</select>
            <select>0</select>
            <select>0</select>
            <select>0</select>
            <select>0</select>
            <select>0</select>
            <select>0</select>
            <select>0</select>
            <select>0</select>
            <select>0</select>
            <select>0</select>
            <select>0</select>
            <select>0</select>
            <select>0</select>
            <select>0</select>
            <select>0</select>
            <select>0</select>
            <select>0</select>
            <select>0</select>
            <select>0</select>
            <select>0</select>
            <select>0</select>
            <select>0</select>
            <select>0</select>
            <select>0</select>
            <select>0</select>
            <select>0</select>
            <select>0</select>
            <select>0</select>
            <select>0</select>
            <select>0</select>
            <select>0</select>
            <select>0</select>
            <select>0</select>
            <select>0</select>
            <select>0</select>
            <select>0</select>
            <select>0</select>
            <select>0</select>
            <select>0</select>
            <select>0</select>
            <select>0</select>
            <select>0</select>
            <select>0</select>
            <select>0</select>
            <select>0</select>
            <select>0</select>
            <select>0</select>
            <select>0</select>
            <select>0</select>
            <select>0</select>
            <select>0</select>
            <select>0</select>
            <select>0</select>
            <select>0</select>
            <select>0</select>
            <select>0</select>
            <select>0</select>
            <select>0</select>
            <select>0</select>
            <select>0</select>
            <select>0</select>
            <select>0</select>
            <select>0</select>
            <select>0</select>
            <select>0</select>
            <select>0</select>
            <select>0</select>
            <select>0</select>
            <select>0</select>
            <select>0</select>
            <select>0</select>
            <select>0</select>
            <select>0</select>
            <select>0</select>
            <select>0</select>
            <select>0</select>
            <select>0</select>
            <select>0</select>
            <select>0</select>
            <select>0</select>
            <select>0</select>
            <select>0</select>
            <select>0</select>
            <select>0</select>
            <select>0</select>
            <select>0</select>
            <select>0</select>
            <select>0</select>
            <select>0</select>
            <select>0</select>
            <select>0</select>
            <select>0</select>
            <select>0</select>
            <select>0</select>
            <select>0</select>
            <select>0</select>
            <select>0</select>
            <select>0</select>
            <select>0</select>
            <select>0</select>
            <select>0</select>
            <select>0</select>
            <select>0</select>
            <select>0</select>
            <select>0</select>
            <select>0</select>
            <select>0</select>
            <select>0</select>
            <select>0</select>
            <select>0</select>
            <select>0</select>
            <select>0</select>
            <select>0</select>
            <select>0</select>
            <select>0</select>
            <select>0</select>
            <select>0</select>
            <select>0</select>
            <select>0</select>
            <select>0</select>
            <select>0</select>
            <select>0</select>
            <select>0</select>
            <select>0</select>
            <select>0</select>
            <select>0</select>
            <select>0</select>
            <select>0</select>
            <select>0</select>
            <select>0</select>
            <select>0</select>
            <select>0</select>
            <select>0</select>
            <select>0</select>
            <select>0</select>
            <select>0</select>
            <select>0</select>
            <select>0</select>
            <select>0</select>
            <select>0</select>
            <select>0</select>
            <select>0</select>
            <select>0</select>
            <select>0</select>
            <select>0</select>
            <select>0</select>
            <select>0</select>
            <select>0</select>
            <select>0</select>
            <select>0</select>
            <select>0</select>
            <select>0</select>
            <select>0</select>
            <select>0</select>
            <select>0</select>
            <select>0</select>
            <select>0</select>
            <select>0</select>
            <select>0</select>
            <select>0</select>
            <select>0</select>
            <select>0</select>
            <select>0</select>
            <select>0</select>
            <select>0</select>
            <select>0</select>
            <select>0</select>
            <select>0</select>
            <select>0</select>
            <select>0</select>
            <select>0</select>
            <select>0</select>
            <select>0</select>
            <select>0</select>
            <select>0</select>
            <select>0</select>
            <select>0</select>
            <select>0</select>
            <select>0</select>
            <select>0</select>
            <select>0</select>
            <select>0</select>
            <select>0</select>
            <select>0</select>
            <select>0</select>
            <select>0</select>
            <select>0</select>
            <select>0</select>
            <select>0</select>
            <select>0</select>
            <select>0</select>
            <select>0</select>
            <select>0</select>
            <select>0</select>
            <select>0</select>
            <select>0</select>
            <select>0</select>
            <select>0</select>
            <select>0</select>
            <select>0</select>
            <select>0</select>
            <select>0</select>
            <select>0</select>
            <select>0</select>
            <select>0</select>
            <select>0</select>
            <select>0</select>
            <select>0</select>
            <select>0</select>
            <select>0</select>
            <select>0</select>
            <select>0</select>
            <select>0</select>
            <select>0</select>
            <select>0</select>
            <select>0</select>
            <select>0</select>
            <select>0</select>
            <select>0</select>
            <select>0</select>
            <select>0</select>
            <select>0</select>
            <select>0</select>
            <select>0</select>
            <select>0</select>
            <select>0</select>
            <select>0</select>
            <select>0</select>
            <select>2</select>
            <select>0</select>
            <select>0</select>
            <select>0</select>
            <select>0</select>
        </nodeId>
        <ruleName>applyEqReverse</ruleName>
        <posInOccurence path="0 1 1 0" subTerm="result_2" toplevelTerm="exists{i:int}(and(and(leq(Z(0(#)),i)&lt;&lt;origin(requires @ file CredTool.java @ line 378) ([])&gt;&gt;,lt(i,seqLen(Seq::select(heapAfter_next,org.apache.commons.csv.CSVRecord::select(heap,self,de.polyas.core3.open.cred.CredTool::$record),org.apache.commons.csv.CSVRecord::$key_seq)))&lt;&lt;origin(requires @ file CredTool.java @ line 378) ([requires @ file CredTool.java @ line 378])&gt;&gt;)&lt;&lt;origin(requires @ file CredTool.java @ line 378) ([requires @ file CredTool.java @ line 378])&gt;&gt;,equals(java.lang.String::cast(any::seqGet(Seq::select(heapAfter_next,org.apache.commons.csv.CSVRecord::select(heap,self,de.polyas.core3.open.cred.CredTool::$record),org.apache.commons.csv.CSVRecord::$key_seq),i)),java.lang.String::cast(result_2))&lt;&lt;origin(requires @ file CredTool.java @ line 378) ([requires @ file CredTool.java @ line 378])&gt;&gt;)&lt;&lt;origin(requires @ file CredTool.java @ line 378) ([requires @ file CredTool.java @ line 378])&gt;&gt;)&lt;&lt;origin(requires @ file CredTool.java @ line 378) ([requires @ file CredTool.java @ line 378])&gt;&gt;" termHash="639221211" antec="false"/>
        <arguments>
            <entry>
                <key>t1 (H term)</key>
                <value>result_2
</value>
            </entry>
            <entry>
                <key>s (G term)</key>
                <value>java.lang.Object::seqGet(Seq::select(heap,
                                     java.util.ArrayList::select(heap,
                                                                 self,
                                                                 de.polyas.core3.open.cred.CredTool::$cols),
                                     java.util.Collection::$seq),
                         int::select(anon_heap_LOOP&lt;&lt;anonHeapFunction&gt;&gt;,
                                     result,
                                     java.util.Iterator::$index))
</value>
            </entry>
        </arguments>
    </interactions>
    <interactions xmlns:xsi="http://www.w3.org/2001/XMLSchema-instance" xsi:type="ruleInteraction" created="2019-12-05T16:57:49.292+01:00" favoured="false">
        <nodeId branchLabel="$$">
            <select>0</select>
            <select>0</select>
            <select>0</select>
            <select>0</select>
            <select>0</select>
            <select>0</select>
            <select>0</select>
            <select>0</select>
            <select>0</select>
            <select>0</select>
            <select>0</select>
            <select>0</select>
            <select>0</select>
            <select>0</select>
            <select>0</select>
            <select>0</select>
            <select>0</select>
            <select>0</select>
            <select>0</select>
            <select>0</select>
            <select>0</select>
            <select>0</select>
            <select>0</select>
            <select>0</select>
            <select>0</select>
            <select>0</select>
            <select>0</select>
            <select>0</select>
            <select>0</select>
            <select>0</select>
            <select>0</select>
            <select>0</select>
            <select>0</select>
            <select>0</select>
            <select>0</select>
            <select>0</select>
            <select>0</select>
            <select>0</select>
            <select>0</select>
            <select>0</select>
            <select>0</select>
            <select>0</select>
            <select>0</select>
            <select>0</select>
            <select>0</select>
            <select>0</select>
            <select>0</select>
            <select>0</select>
            <select>0</select>
            <select>0</select>
            <select>0</select>
            <select>0</select>
            <select>0</select>
            <select>0</select>
            <select>0</select>
            <select>0</select>
            <select>0</select>
            <select>0</select>
            <select>0</select>
            <select>0</select>
            <select>0</select>
            <select>0</select>
            <select>0</select>
            <select>0</select>
            <select>0</select>
            <select>0</select>
            <select>0</select>
            <select>0</select>
            <select>0</select>
            <select>0</select>
            <select>0</select>
            <select>0</select>
            <select>0</select>
            <select>0</select>
            <select>0</select>
            <select>0</select>
            <select>0</select>
            <select>0</select>
            <select>0</select>
            <select>0</select>
            <select>0</select>
            <select>0</select>
            <select>0</select>
            <select>0</select>
            <select>0</select>
            <select>0</select>
            <select>0</select>
            <select>0</select>
            <select>0</select>
            <select>0</select>
            <select>0</select>
            <select>0</select>
            <select>0</select>
            <select>0</select>
            <select>0</select>
            <select>0</select>
            <select>0</select>
            <select>0</select>
            <select>0</select>
            <select>0</select>
            <select>0</select>
            <select>0</select>
            <select>0</select>
            <select>0</select>
            <select>0</select>
            <select>0</select>
            <select>0</select>
            <select>1</select>
            <select>0</select>
            <select>0</select>
            <select>0</select>
            <select>0</select>
            <select>0</select>
            <select>0</select>
            <select>0</select>
            <select>0</select>
            <select>0</select>
            <select>0</select>
            <select>0</select>
            <select>0</select>
            <select>0</select>
            <select>0</select>
            <select>0</select>
            <select>0</select>
            <select>0</select>
            <select>0</select>
            <select>0</select>
            <select>0</select>
            <select>0</select>
            <select>0</select>
            <select>0</select>
            <select>0</select>
            <select>0</select>
            <select>0</select>
            <select>0</select>
            <select>0</select>
            <select>0</select>
            <select>0</select>
            <select>0</select>
            <select>0</select>
            <select>0</select>
            <select>0</select>
            <select>0</select>
            <select>0</select>
            <select>0</select>
            <select>0</select>
            <select>0</select>
            <select>0</select>
            <select>0</select>
            <select>0</select>
            <select>0</select>
            <select>0</select>
            <select>0</select>
            <select>0</select>
            <select>0</select>
            <select>0</select>
            <select>0</select>
            <select>0</select>
            <select>0</select>
            <select>0</select>
            <select>0</select>
            <select>0</select>
            <select>0</select>
            <select>0</select>
            <select>0</select>
            <select>0</select>
            <select>0</select>
            <select>0</select>
            <select>0</select>
            <select>0</select>
            <select>0</select>
            <select>0</select>
            <select>0</select>
            <select>0</select>
            <select>0</select>
            <select>0</select>
            <select>0</select>
            <select>0</select>
            <select>0</select>
            <select>0</select>
            <select>0</select>
            <select>0</select>
            <select>0</select>
            <select>0</select>
            <select>0</select>
            <select>0</select>
            <select>0</select>
            <select>0</select>
            <select>0</select>
            <select>0</select>
            <select>0</select>
            <select>0</select>
            <select>0</select>
            <select>0</select>
            <select>0</select>
            <select>0</select>
            <select>0</select>
            <select>0</select>
            <select>0</select>
            <select>0</select>
            <select>0</select>
            <select>0</select>
            <select>0</select>
            <select>0</select>
            <select>0</select>
            <select>0</select>
            <select>0</select>
            <select>0</select>
            <select>0</select>
            <select>0</select>
            <select>0</select>
            <select>0</select>
            <select>0</select>
            <select>0</select>
            <select>0</select>
            <select>0</select>
            <select>0</select>
            <select>0</select>
            <select>0</select>
            <select>0</select>
            <select>0</select>
            <select>0</select>
            <select>0</select>
            <select>0</select>
            <select>0</select>
            <select>0</select>
            <select>0</select>
            <select>0</select>
            <select>0</select>
            <select>0</select>
            <select>0</select>
            <select>0</select>
            <select>0</select>
            <select>0</select>
            <select>0</select>
            <select>0</select>
            <select>0</select>
            <select>0</select>
            <select>0</select>
            <select>0</select>
            <select>0</select>
            <select>0</select>
            <select>0</select>
            <select>0</select>
            <select>0</select>
            <select>0</select>
            <select>0</select>
            <select>0</select>
            <select>0</select>
            <select>0</select>
            <select>0</select>
            <select>0</select>
            <select>0</select>
            <select>0</select>
            <select>0</select>
            <select>0</select>
            <select>0</select>
            <select>0</select>
            <select>0</select>
            <select>0</select>
            <select>0</select>
            <select>0</select>
            <select>0</select>
            <select>0</select>
            <select>0</select>
            <select>0</select>
            <select>0</select>
            <select>0</select>
            <select>0</select>
            <select>0</select>
            <select>0</select>
            <select>0</select>
            <select>0</select>
            <select>0</select>
            <select>0</select>
            <select>0</select>
            <select>0</select>
            <select>0</select>
            <select>0</select>
            <select>0</select>
            <select>0</select>
            <select>0</select>
            <select>0</select>
            <select>0</select>
            <select>0</select>
            <select>0</select>
            <select>0</select>
            <select>0</select>
            <select>0</select>
            <select>0</select>
            <select>0</select>
            <select>0</select>
            <select>0</select>
            <select>0</select>
            <select>0</select>
            <select>0</select>
            <select>0</select>
            <select>0</select>
            <select>0</select>
            <select>0</select>
            <select>0</select>
            <select>0</select>
            <select>0</select>
            <select>0</select>
            <select>0</select>
            <select>0</select>
            <select>0</select>
            <select>0</select>
            <select>0</select>
            <select>0</select>
            <select>0</select>
            <select>0</select>
            <select>0</select>
            <select>0</select>
            <select>0</select>
            <select>0</select>
            <select>0</select>
            <select>0</select>
            <select>0</select>
            <select>0</select>
            <select>0</select>
            <select>0</select>
            <select>0</select>
            <select>0</select>
            <select>0</select>
            <select>0</select>
            <select>0</select>
            <select>0</select>
            <select>0</select>
            <select>0</select>
            <select>0</select>
            <select>0</select>
            <select>0</select>
            <select>0</select>
            <select>0</select>
            <select>0</select>
            <select>0</select>
            <select>0</select>
            <select>0</select>
            <select>0</select>
            <select>0</select>
            <select>0</select>
            <select>0</select>
            <select>0</select>
            <select>0</select>
            <select>0</select>
            <select>0</select>
            <select>0</select>
            <select>0</select>
            <select>0</select>
            <select>0</select>
            <select>0</select>
            <select>0</select>
            <select>0</select>
            <select>0</select>
            <select>0</select>
            <select>0</select>
            <select>0</select>
            <select>0</select>
            <select>0</select>
            <select>0</select>
            <select>0</select>
            <select>0</select>
            <select>0</select>
            <select>0</select>
            <select>0</select>
            <select>0</select>
            <select>0</select>
            <select>0</select>
            <select>0</select>
            <select>0</select>
            <select>0</select>
            <select>0</select>
            <select>0</select>
            <select>0</select>
            <select>0</select>
            <select>0</select>
            <select>0</select>
            <select>0</select>
            <select>0</select>
            <select>0</select>
            <select>0</select>
            <select>0</select>
            <select>0</select>
            <select>0</select>
            <select>0</select>
            <select>0</select>
            <select>0</select>
            <select>0</select>
            <select>0</select>
            <select>0</select>
            <select>0</select>
            <select>0</select>
            <select>0</select>
            <select>0</select>
            <select>0</select>
            <select>0</select>
            <select>0</select>
            <select>0</select>
            <select>0</select>
            <select>0</select>
            <select>0</select>
            <select>0</select>
            <select>0</select>
            <select>0</select>
            <select>0</select>
            <select>0</select>
            <select>0</select>
            <select>0</select>
            <select>0</select>
            <select>0</select>
            <select>0</select>
            <select>0</select>
            <select>0</select>
            <select>0</select>
            <select>0</select>
            <select>0</select>
            <select>0</select>
            <select>0</select>
            <select>0</select>
            <select>0</select>
            <select>0</select>
            <select>0</select>
            <select>0</select>
            <select>0</select>
            <select>0</select>
            <select>0</select>
            <select>0</select>
            <select>0</select>
            <select>0</select>
            <select>0</select>
            <select>0</select>
            <select>0</select>
            <select>0</select>
            <select>0</select>
            <select>0</select>
            <select>0</select>
            <select>0</select>
            <select>0</select>
            <select>0</select>
            <select>0</select>
            <select>0</select>
            <select>0</select>
            <select>0</select>
            <select>0</select>
            <select>0</select>
            <select>0</select>
            <select>0</select>
            <select>0</select>
            <select>0</select>
            <select>0</select>
            <select>0</select>
            <select>0</select>
            <select>0</select>
            <select>0</select>
            <select>0</select>
            <select>0</select>
            <select>0</select>
            <select>0</select>
            <select>0</select>
            <select>0</select>
            <select>0</select>
            <select>0</select>
            <select>0</select>
            <select>0</select>
            <select>0</select>
            <select>0</select>
            <select>0</select>
            <select>0</select>
            <select>0</select>
            <select>0</select>
            <select>0</select>
            <select>0</select>
            <select>0</select>
            <select>0</select>
            <select>0</select>
            <select>0</select>
            <select>0</select>
            <select>0</select>
            <select>0</select>
            <select>0</select>
            <select>0</select>
            <select>0</select>
            <select>0</select>
            <select>0</select>
            <select>0</select>
            <select>0</select>
            <select>0</select>
            <select>0</select>
            <select>0</select>
            <select>0</select>
            <select>0</select>
            <select>0</select>
            <select>0</select>
            <select>0</select>
            <select>0</select>
            <select>0</select>
            <select>0</select>
            <select>0</select>
            <select>0</select>
            <select>0</select>
            <select>0</select>
            <select>0</select>
            <select>0</select>
            <select>0</select>
            <select>0</select>
            <select>0</select>
            <select>0</select>
            <select>0</select>
            <select>0</select>
            <select>0</select>
            <select>0</select>
            <select>0</select>
            <select>0</select>
            <select>0</select>
            <select>0</select>
            <select>0</select>
            <select>0</select>
            <select>0</select>
            <select>0</select>
            <select>0</select>
            <select>0</select>
            <select>0</select>
            <select>0</select>
            <select>0</select>
            <select>0</select>
            <select>0</select>
            <select>0</select>
            <select>0</select>
            <select>0</select>
            <select>0</select>
            <select>0</select>
            <select>0</select>
            <select>0</select>
            <select>0</select>
            <select>0</select>
            <select>0</select>
            <select>0</select>
            <select>0</select>
            <select>0</select>
            <select>0</select>
            <select>0</select>
            <select>0</select>
            <select>0</select>
            <select>0</select>
            <select>0</select>
            <select>0</select>
            <select>0</select>
            <select>0</select>
            <select>0</select>
            <select>0</select>
            <select>0</select>
            <select>0</select>
            <select>0</select>
            <select>0</select>
            <select>0</select>
            <select>0</select>
            <select>0</select>
            <select>0</select>
            <select>0</select>
            <select>0</select>
            <select>0</select>
            <select>0</select>
            <select>0</select>
            <select>0</select>
            <select>0</select>
            <select>0</select>
            <select>0</select>
            <select>0</select>
            <select>0</select>
            <select>0</select>
            <select>0</select>
            <select>0</select>
            <select>0</select>
            <select>0</select>
            <select>0</select>
            <select>0</select>
            <select>0</select>
            <select>0</select>
            <select>0</select>
            <select>0</select>
            <select>0</select>
            <select>0</select>
            <select>0</select>
            <select>0</select>
            <select>0</select>
            <select>0</select>
            <select>0</select>
            <select>0</select>
            <select>0</select>
            <select>0</select>
            <select>0</select>
            <select>0</select>
            <select>0</select>
            <select>0</select>
            <select>0</select>
            <select>0</select>
            <select>0</select>
            <select>0</select>
            <select>0</select>
            <select>0</select>
            <select>0</select>
            <select>0</select>
            <select>0</select>
            <select>0</select>
            <select>0</select>
            <select>0</select>
            <select>0</select>
            <select>0</select>
            <select>0</select>
            <select>0</select>
            <select>0</select>
            <select>0</select>
            <select>0</select>
            <select>0</select>
            <select>0</select>
            <select>0</select>
            <select>0</select>
            <select>0</select>
            <select>0</select>
            <select>0</select>
            <select>0</select>
            <select>0</select>
            <select>0</select>
            <select>0</select>
            <select>0</select>
            <select>0</select>
            <select>0</select>
            <select>0</select>
            <select>0</select>
            <select>0</select>
            <select>0</select>
            <select>0</select>
            <select>0</select>
            <select>0</select>
            <select>0</select>
            <select>0</select>
            <select>0</select>
            <select>0</select>
            <select>0</select>
            <select>0</select>
            <select>0</select>
            <select>0</select>
            <select>0</select>
            <select>0</select>
            <select>0</select>
            <select>0</select>
            <select>0</select>
            <select>0</select>
            <select>0</select>
            <select>0</select>
            <select>0</select>
            <select>0</select>
            <select>0</select>
            <select>0</select>
            <select>0</select>
            <select>0</select>
            <select>0</select>
            <select>0</select>
            <select>0</select>
            <select>0</select>
            <select>0</select>
            <select>0</select>
            <select>0</select>
            <select>0</select>
            <select>0</select>
            <select>0</select>
            <select>0</select>
            <select>0</select>
            <select>0</select>
            <select>0</select>
            <select>0</select>
            <select>0</select>
            <select>0</select>
            <select>0</select>
            <select>0</select>
            <select>0</select>
            <select>0</select>
            <select>0</select>
            <select>0</select>
            <select>0</select>
            <select>0</select>
            <select>0</select>
            <select>0</select>
            <select>0</select>
            <select>0</select>
            <select>0</select>
            <select>0</select>
            <select>0</select>
            <select>0</select>
            <select>0</select>
            <select>0</select>
            <select>0</select>
            <select>0</select>
            <select>0</select>
            <select>0</select>
            <select>0</select>
            <select>0</select>
            <select>0</select>
            <select>0</select>
            <select>0</select>
            <select>0</select>
            <select>0</select>
            <select>0</select>
            <select>0</select>
            <select>0</select>
            <select>0</select>
            <select>0</select>
            <select>0</select>
            <select>0</select>
            <select>0</select>
            <select>0</select>
            <select>0</select>
            <select>0</select>
            <select>0</select>
            <select>0</select>
            <select>0</select>
            <select>0</select>
            <select>0</select>
            <select>0</select>
            <select>0</select>
            <select>0</select>
            <select>0</select>
            <select>1</select>
            <select>0</select>
            <select>0</select>
            <select>0</select>
            <select>0</select>
            <select>0</select>
            <select>0</select>
            <select>0</select>
            <select>0</select>
            <select>0</select>
            <select>0</select>
            <select>0</select>
            <select>0</select>
            <select>0</select>
            <select>0</select>
            <select>0</select>
            <select>0</select>
            <select>0</select>
            <select>0</select>
            <select>0</select>
            <select>0</select>
            <select>0</select>
            <select>0</select>
            <select>0</select>
            <select>0</select>
            <select>0</select>
            <select>0</select>
            <select>0</select>
            <select>0</select>
            <select>0</select>
            <select>0</select>
            <select>0</select>
            <select>0</select>
            <select>0</select>
            <select>0</select>
            <select>0</select>
            <select>0</select>
            <select>0</select>
            <select>0</select>
            <select>0</select>
            <select>0</select>
            <select>0</select>
            <select>0</select>
            <select>0</select>
            <select>0</select>
            <select>0</select>
            <select>0</select>
            <select>0</select>
            <select>0</select>
            <select>0</select>
            <select>0</select>
            <select>0</select>
            <select>0</select>
            <select>0</select>
            <select>0</select>
            <select>0</select>
            <select>0</select>
            <select>0</select>
            <select>0</select>
            <select>0</select>
            <select>0</select>
            <select>0</select>
            <select>0</select>
            <select>0</select>
            <select>0</select>
            <select>0</select>
            <select>0</select>
            <select>0</select>
            <select>0</select>
            <select>0</select>
            <select>0</select>
            <select>0</select>
            <select>0</select>
            <select>0</select>
            <select>0</select>
            <select>0</select>
            <select>0</select>
            <select>0</select>
            <select>0</select>
            <select>0</select>
            <select>0</select>
            <select>0</select>
            <select>0</select>
            <select>0</select>
            <select>0</select>
            <select>0</select>
            <select>0</select>
            <select>0</select>
            <select>0</select>
            <select>0</select>
            <select>0</select>
            <select>0</select>
            <select>0</select>
            <select>0</select>
            <select>0</select>
            <select>0</select>
            <select>0</select>
            <select>0</select>
            <select>0</select>
            <select>0</select>
            <select>0</select>
            <select>0</select>
            <select>0</select>
            <select>0</select>
            <select>0</select>
            <select>0</select>
            <select>0</select>
            <select>0</select>
            <select>0</select>
            <select>0</select>
            <select>0</select>
            <select>0</select>
            <select>0</select>
            <select>0</select>
            <select>0</select>
            <select>0</select>
            <select>0</select>
            <select>0</select>
            <select>0</select>
            <select>0</select>
            <select>0</select>
            <select>0</select>
            <select>0</select>
            <select>0</select>
            <select>0</select>
            <select>0</select>
            <select>0</select>
            <select>0</select>
            <select>0</select>
            <select>0</select>
            <select>0</select>
            <select>0</select>
            <select>1</select>
            <select>0</select>
            <select>0</select>
            <select>0</select>
            <select>0</select>
            <select>0</select>
            <select>0</select>
            <select>0</select>
            <select>0</select>
            <select>0</select>
            <select>0</select>
            <select>0</select>
            <select>0</select>
            <select>0</select>
            <select>0</select>
            <select>0</select>
            <select>0</select>
            <select>0</select>
            <select>0</select>
            <select>0</select>
            <select>0</select>
            <select>1</select>
            <select>0</select>
            <select>0</select>
            <select>0</select>
            <select>0</select>
            <select>0</select>
            <select>0</select>
            <select>0</select>
            <select>0</select>
            <select>0</select>
            <select>0</select>
            <select>0</select>
            <select>0</select>
            <select>0</select>
            <select>0</select>
            <select>0</select>
            <select>1</select>
            <select>0</select>
        </nodeId>
        <ruleName>applyEqReverse</ruleName>
        <posInOccurence path="0 0" subTerm="result_2" toplevelTerm="equals(java.lang.String::instance(result_2),TRUE)" termHash="639221211" antec="false"/>
        <arguments>
            <entry>
                <key>t1 (H term)</key>
                <value>result_2
</value>
            </entry>
            <entry>
                <key>s (G term)</key>
                <value>java.lang.Object::seqGet(Seq::select(heap,
                                     java.util.ArrayList::select(heap,
                                                                 self,
                                                                 de.polyas.core3.open.cred.CredTool::$cols),
                                     java.util.Collection::$seq),
                         int::select(anon_heap_LOOP&lt;&lt;anonHeapFunction&gt;&gt;,
                                     result,
                                     java.util.Iterator::$index))
</value>
            </entry>
        </arguments>
    </interactions>
</interaction-log>
